app/build/outputs/logs/manifest-merger-debug-report.txt
-- Merging decision tree log ---
manifest
ADDED from src/main/AndroidManifest.xml:2:1-57:12
INJECTED from src/main/AndroidManifest.xml:2:1-57:12
INJECTED from src/main/AndroidManifest.xml:2:1-57:12
INJECTED from src/main/AndroidManifest.xml:2:1-57:12
INJECTED from src/main/AndroidManifest.xml:2:1-57:12
INJECTED from src/main/AndroidManifest.xml:2:1-57:12
INJECTED from src/main/AndroidManifest.xml:2:1-57:12
	package
		ADDED from src/main/AndroidManifest.xml:3:5-40
		INJECTED from src/main/AndroidManifest.xml
		INJECTED from src/main/AndroidManifest.xml
	android:versionName
		ADDED from src/main/AndroidManifest.xml:5:5-30
		INJECTED from src/main/AndroidManifest.xml
		INJECTED from src/main/AndroidManifest.xml
	xmlns:android
		ADDED from src/main/AndroidManifest.xml:2:11-69
	android:versionCode
		ADDED from src/main/AndroidManifest.xml:4:5-28
		INJECTED from src/main/AndroidManifest.xml
		INJECTED from src/main/AndroidManifest.xml
uses-sdk
ADDED from src/main/AndroidManifest.xml:7:5-9:41
INJECTED from src/main/AndroidManifest.xml:7:5-9:41
INJECTED from src/main/AndroidManifest.xml:7:5-9:41
INJECTED from src/main/AndroidManifest.xml:7:5-9:41
INJECTED from src/main/AndroidManifest.xml:7:5-9:41
	android:targetSdkVersion
		ADDED from src/main/AndroidManifest.xml:9:9-38
		INJECTED from src/main/AndroidManifest.xml
		INJECTED from src/main/AndroidManifest.xml
	android:minSdkVersion
		ADDED from src/main/AndroidManifest.xml:8:9-35
		INJECTED from src/main/AndroidManifest.xml
		INJECTED from src/main/AndroidManifest.xml
uses-feature#android.hardware.wifi.direct
ADDED from src/main/AndroidManifest.xml:11:5-13:35
	android:required
		ADDED from src/main/AndroidManifest.xml:13:9-32
	android:name
		ADDED from src/main/AndroidManifest.xml:12:9-52
uses-permission#android.permission.BLUETOOTH
ADDED from src/main/AndroidManifest.xml:15:5-68
	android:name
		ADDED from src/main/AndroidManifest.xml:15:22-65
uses-permission#android.permission.WRITE_EXTERNAL_STORAGE
ADDED from src/main/AndroidManifest.xml:16:5-81
	android:name
		ADDED from src/main/AndroidManifest.xml:16:22-78
uses-permission#android.permission.BLUETOOTH_ADMIN
ADDED from src/main/AndroidManifest.xml:17:5-74
	android:name
		ADDED from src/main/AndroidManifest.xml:17:22-71
uses-permission#android.permission.CAMERA
ADDED from src/main/AndroidManifest.xml:18:5-65
	android:name
		ADDED from src/main/AndroidManifest.xml:18:22-62
uses-permission#android.permission.ACCESS_BLUETOOTH_SHARE
ADDED from src/main/AndroidManifest.xml:19:5-81
	android:name
		ADDED from src/main/AndroidManifest.xml:19:22-78
uses-permission#android.permission.ACCESS_WIFI_STATE
ADDED from src/main/AndroidManifest.xml:20:5-76
	android:name
		ADDED from src/main/AndroidManifest.xml:20:22-73
uses-permission#android.permission.CHANGE_WIFI_STATE
ADDED from src/main/AndroidManifest.xml:21:5-76
	android:name
		ADDED from src/main/AndroidManifest.xml:21:22-73
uses-permission#android.permission.CHANGE_NETWORK_STATE
ADDED from src/main/AndroidManifest.xml:22:5-79
	android:name
		ADDED from src/main/AndroidManifest.xml:22:22-76
uses-permission#android.permission.INTERNET
ADDED from src/main/AndroidManifest.xml:23:5-67
	android:name
		ADDED from src/main/AndroidManifest.xml:23:22-64
uses-permission#android.permission.ACCESS_NETWORK_STATE
ADDED from src/main/AndroidManifest.xml:24:5-79
	android:name
		ADDED from src/main/AndroidManifest.xml:24:22-76
uses-permission#android.permission.READ_PHONE_STATE
ADDED from src/main/AndroidManifest.xml:25:5-75
	android:name
		ADDED from src/main/AndroidManifest.xml:25:22-72
application
ADDED from src/main/AndroidManifest.xml:27:5-55:19
	android:label
		ADDED from src/main/AndroidManifest.xml:30:9-41
	android:icon
		ADDED from src/main/AndroidManifest.xml:29:9-45
	android:allowBackup
		ADDED from src/main/AndroidManifest.xml:28:9-35
	android:theme
		ADDED from src/main/AndroidManifest.xml:31:9-40
activity#tnefern.honeybeeframework.HoneybeeCrowdActivity
ADDED from src/main/AndroidManifest.xml:32:9-40:20
	android:label
		ADDED from src/main/AndroidManifest.xml:34:13-45
	android:name
		ADDED from src/main/AndroidManifest.xml:33:13-75
intent-filter#android.intent.action.MAIN+android.intent.category.LAUNCHER
ADDED from src/main/AndroidManifest.xml:35:13-39:29
action#android.intent.action.MAIN
ADDED from src/main/AndroidManifest.xml:36:17-69
	android:name
		ADDED from src/main/AndroidManifest.xml:36:25-66
category#android.intent.category.LAUNCHER
ADDED from src/main/AndroidManifest.xml:38:17-77
	android:name
		ADDED from src/main/AndroidManifest.xml:38:27-74
activity#tnefern.honeybeeframework.apps.facematch.FaceMatchDelegatorActivity
ADDED from src/main/AndroidManifest.xml:41:9-42:20
	android:name
		ADDED from src/main/AndroidManifest.xml:41:19-76
activity#tnefern.honeybeeframework.apps.facematch.FaceMatchWorkerActivity
ADDED from src/main/AndroidManifest.xml:43:9-44:20
	android:name
		ADDED from src/main/AndroidManifest.xml:43:19-73
activity#tnefern.honeybeeframework.apps.facematch.FinishedFaceMatchDelegatorActivity
ADDED from src/main/AndroidManifest.xml:45:9-46:20
	android:name
		ADDED from src/main/AndroidManifest.xml:45:19-109
activity#tnefern.honeybeeframework.worker.FinishedWorkerActivity
ADDED from src/main/AndroidManifest.xml:47:9-49:20
	android:name
		ADDED from src/main/AndroidManifest.xml:47:19-64
service#tnefern.honeybeeframework.wifidirect.WiFiDirectWorkerNonOwnerService
ADDED from src/main/AndroidManifest.xml:50:9-87
	android:name
		ADDED from src/main/AndroidManifest.xml:50:18-76
activity#tnefern.honeybeeframework.apps.mandelbrot.MandelbrotDelegatorActivity
ADDED from src/main/AndroidManifest.xml:51:9-90
	android:name
		ADDED from src/main/AndroidManifest.xml:51:19-78
activity#tnefern.honeybeeframework.apps.mandelbrot.MandelbrotWorkerActivity
ADDED from src/main/AndroidManifest.xml:52:9-87
	android:name
		ADDED from src/main/AndroidManifest.xml:52:19-75
activity#tnefern.honeybeeframework.apps.mandelbrot.FinishedMandelbrotDelegatorActivity
ADDED from src/main/AndroidManifest.xml:54:9-98
	android:name
		ADDED from src/main/AndroidManifest.xml:54:19-86